[0m10:50:41.676945 [debug] [MainThread]: Sending event: {'category': 'dbt', 'action': 'invocation', 'label': 'start', 'context': [<snowplow_tracker.self_describing_json.SelfDescribingJson object at 0x773d5960b640>, <snowplow_tracker.self_describing_json.SelfDescribingJson object at 0x773d58780970>, <snowplow_tracker.self_describing_json.SelfDescribingJson object at 0x773d58783220>]}


============================== 10:50:41.680148 | c8109e02-0d39-447a-994d-6812981a2cc0 ==============================
[0m10:50:41.680148 [info ] [MainThread]: Running with dbt=1.9.2
[0m10:50:41.680943 [debug] [MainThread]: running dbt with arguments {'printer_width': '80', 'indirect_selection': 'eager', 'log_cache_events': 'False', 'write_json': 'True', 'partial_parse': 'True', 'cache_selected_only': 'False', 'profiles_dir': '/home/icanooo/.dbt', 'debug': 'False', 'version_check': 'True', 'log_path': 'logs', 'fail_fast': 'False', 'warn_error': 'None', 'use_colors': 'True', 'use_experimental_parser': 'False', 'no_print': 'None', 'quiet': 'False', 'empty': 'None', 'log_format': 'default', 'invocation_command': 'dbt init library_dbt', 'static_parser': 'True', 'warn_error_options': 'WarnErrorOptions(include=[], exclude=[])', 'target_path': 'None', 'introspect': 'True', 'send_anonymous_usage_stats': 'True'}
[0m10:50:41.689344 [debug] [MainThread]: Starter project path: /home/icanooo/.local/lib/python3.10/site-packages/dbt/include/starter_project
[0m10:50:41.692207 [info ] [MainThread]: 
Your new dbt project "library_dbt" was created!

For more information on how to configure the profiles.yml file,
please consult the dbt documentation here:

  https://docs.getdbt.com/docs/configure-your-profile

One more thing:

Need help? Don't hesitate to reach out to us via GitHub issues or on Slack:

  https://community.getdbt.com/

Happy modeling!

[0m10:50:41.692813 [info ] [MainThread]: Setting up your profile.
[0m10:54:55.137693 [info ] [MainThread]: Profile library_dbt written to /home/icanooo/.dbt/profiles.yml using target's profile_template.yml and your supplied values. Run 'dbt debug' to validate the connection.
[0m10:54:55.139281 [debug] [MainThread]: Resource report: {"command_name": "init", "command_success": true, "command_wall_clock_time": 253.55025, "process_in_blocks": "0", "process_kernel_time": 0.151825, "process_mem_max_rss": "212704", "process_out_blocks": "80", "process_user_time": 2.755837}
[0m10:54:55.140527 [debug] [MainThread]: Command `dbt init` succeeded at 10:54:55.140302 after 253.55 seconds
[0m10:54:55.141431 [debug] [MainThread]: Sending event: {'category': 'dbt', 'action': 'invocation', 'label': 'end', 'context': [<snowplow_tracker.self_describing_json.SelfDescribingJson object at 0x773d5960b640>, <snowplow_tracker.self_describing_json.SelfDescribingJson object at 0x773d5873a320>, <snowplow_tracker.self_describing_json.SelfDescribingJson object at 0x773d5873a8f0>]}
[0m10:54:55.142395 [debug] [MainThread]: Flushing usage events
[0m10:54:56.474509 [debug] [MainThread]: An error was encountered while trying to flush usage events
